/usr/bin/lli

###### Testing test-basic_binops
./zen.native tests/test-basic_binops.zen > test-basic_binops.ll
Fatal error: exception Parsing.Parse_error
###### FAILED

###### Testing test-bool1
./zen.native tests/test-bool1.zen > test-bool1.ll
Fatal error: exception Parsing.Parse_error
###### FAILED

###### Testing test-bool2
./zen.native tests/test-bool2.zen > test-bool2.ll
Fatal error: exception Parsing.Parse_error
###### FAILED

###### Testing test-bools
./zen.native tests/test-bools.zen > test-bools.ll
Fatal error: exception Parsing.Parse_error
###### FAILED

###### Testing test-equalities
./zen.native tests/test-equalities.zen > test-equalities.ll
Fatal error: exception Parsing.Parse_error
###### FAILED

###### Testing test-float1
./zen.native tests/test-float1.zen > test-float1.ll
Fatal error: exception Parsing.Parse_error
###### FAILED

###### Testing test-float2
./zen.native tests/test-float2.zen > test-float2.ll
Fatal error: exception Parsing.Parse_error
###### FAILED

###### Testing test-hello_world
./zen.native tests/test-hello_world.zen > test-hello_world.ll
llc -relocation-model=pic test-hello_world.ll > test-hello_world.s
cc -o test-hello_world.exe test-hello_world.s printbig.o
./test-hello_world.exe
diff -b test-hello_world.out tests/test-hello_world.out > test-hello_world.diff
###### SUCCESS

###### Testing test-int1
./zen.native tests/test-int1.zen > test-int1.ll
llc -relocation-model=pic test-int1.ll > test-int1.s
cc -o test-int1.exe test-int1.s printbig.o
./test-int1.exe
diff -b test-int1.out tests/test-int1.out > test-int1.diff
###### SUCCESS

###### Testing test-int2
./zen.native tests/test-int2.zen > test-int2.ll
llc -relocation-model=pic test-int2.ll > test-int2.s
cc -o test-int2.exe test-int2.s printbig.o
./test-int2.exe
diff -b test-int2.out tests/test-int2.out > test-int2.diff
###### SUCCESS

###### Testing test-int3
./zen.native tests/test-int3.zen > test-int3.ll
llc -relocation-model=pic test-int3.ll > test-int3.s
cc -o test-int3.exe test-int3.s printbig.o
./test-int3.exe
diff -b test-int3.out tests/test-int3.out > test-int3.diff
###### SUCCESS

###### Testing test-string1
./zen.native tests/test-string1.zen > test-string1.ll
llc -relocation-model=pic test-string1.ll > test-string1.s
cc -o test-string1.exe test-string1.s printbig.o
./test-string1.exe
diff -b test-string1.out tests/test-string1.out > test-string1.diff
###### SUCCESS

###### Testing test-string2
./zen.native tests/test-string2.zen > test-string2.ll
llc -relocation-model=pic test-string2.ll > test-string2.s
cc -o test-string2.exe test-string2.s printbig.o
./test-string2.exe
diff -b test-string2.out tests/test-string2.out > test-string2.diff
###### SUCCESS

###### Testing test-string3
./zen.native tests/test-string3.zen > test-string3.ll
llc -relocation-model=pic test-string3.ll > test-string3.s
cc -o test-string3.exe test-string3.s printbig.o
./test-string3.exe
diff -b test-string3.out tests/test-string3.out > test-string3.diff
###### SUCCESS

###### Testing test-tuples
./zen.native tests/test-tuples.zen > test-tuples.ll
Fatal error: exception Match_failure("ast.ml", 66, 25)
###### FAILED

###### Testing fail-assign1
./zen.native < tests/fail-assign1.zen 2> fail-assign1.err >> testall.log
diff -b fail-assign1.err tests/fail-assign1.err > fail-assign1.diff
FAILED fail-assign1.err differs from tests/fail-assign1.err
###### FAILED
